0 info it worked if it ends with ok
1 verbose cli [ '/usr/bin/node',
1 verbose cli   '/bin/npm',
1 verbose cli   'install',
1 verbose cli   '-g',
1 verbose cli   'git+https://github.com/hackreactor/liberator.git' ]
2 info using npm@3.10.10
3 info using node@v6.12.0
4 silly loadCurrentTree Starting
5 silly install loadCurrentTree
6 silly install readGlobalPackageData
7 silly fetchPackageMetaData git+https://github.com/hackreactor/liberator.git
8 silly fetchOtherPackageData git+https://github.com/hackreactor/liberator.git
9 silly cache add args [ 'git+https://github.com/hackreactor/liberator.git', null ]
10 verbose cache add spec git+https://github.com/hackreactor/liberator.git
11 silly cache add parsed spec Result {
11 silly cache add   raw: 'git+https://github.com/hackreactor/liberator.git',
11 silly cache add   scope: null,
11 silly cache add   escapedName: null,
11 silly cache add   name: null,
11 silly cache add   rawSpec: 'git+https://github.com/hackreactor/liberator.git',
11 silly cache add   spec: 'git+https://github.com/hackreactor/liberator.git',
11 silly cache add   type: 'hosted',
11 silly cache add   hosted:
11 silly cache add    { type: 'github',
11 silly cache add      ssh: 'git@github.com:hackreactor/liberator.git',
11 silly cache add      sshUrl: 'git+ssh://git@github.com/hackreactor/liberator.git',
11 silly cache add      httpsUrl: 'git+https://github.com/hackreactor/liberator.git',
11 silly cache add      gitUrl: 'git://github.com/hackreactor/liberator.git',
11 silly cache add      shortcut: 'github:hackreactor/liberator',
11 silly cache add      directUrl: 'https://raw.githubusercontent.com/hackreactor/liberator/master/package.json' } }
12 verbose addRemoteGit caching git+https://github.com/hackreactor/liberator.git
13 verbose addRemoteGit git+https://github.com/hackreactor/liberator.git is a repository hosted by github
14 silly tryClone cloning git+https://github.com/hackreactor/liberator.git via git+https://github.com/hackreactor/liberator.git
15 verbose tryClone git-https-github-com-hackreactor-liberator-git-c1937392 not in flight; caching
16 verbose correctMkdir /root/.npm/_git-remotes correctMkdir not in flight; initializing
17 info git [ 'clone',
17 info git   '--template=/root/.npm/_git-remotes/_templates',
17 info git   '--mirror',
17 info git   'https://github.com/hackreactor/liberator.git',
17 info git   '/root/.npm/_git-remotes/git-https-github-com-hackreactor-liberator-git-c1937392' ]
18 error git clone --template=/root/.npm/_git-remotes/_templates --mirror https://github.com/hackreactor/liberator.git /root/.npm/_git-remotes/git-https-github-com-hackreactor-liberator-git-c1937392: Cloning into bare repository '/root/.npm/_git-remotes/git-https-github-com-hackreactor-liberator-git-c1937392'...
18 error git clone --template=/root/.npm/_git-remotes/_templates --mirror https://github.com/hackreactor/liberator.git /root/.npm/_git-remotes/git-https-github-com-hackreactor-liberator-git-c1937392: remote: Invalid username or password.
18 error git clone --template=/root/.npm/_git-remotes/_templates --mirror https://github.com/hackreactor/liberator.git /root/.npm/_git-remotes/git-https-github-com-hackreactor-liberator-git-c1937392: fatal: Authentication failed for 'https://github.com/hackreactor/liberator.git/'
19 silly fetchPackageMetaData Error: Command failed: git clone --template=/root/.npm/_git-remotes/_templates --mirror https://github.com/hackreactor/liberator.git /root/.npm/_git-remotes/git-https-github-com-hackreactor-liberator-git-c1937392
19 silly fetchPackageMetaData Cloning into bare repository '/root/.npm/_git-remotes/git-https-github-com-hackreactor-liberator-git-c1937392'...
19 silly fetchPackageMetaData remote: Invalid username or password.
19 silly fetchPackageMetaData fatal: Authentication failed for 'https://github.com/hackreactor/liberator.git/'
19 silly fetchPackageMetaData
19 silly fetchPackageMetaData     at ChildProcess.exithandler (child_process.js:198:12)
19 silly fetchPackageMetaData     at emitTwo (events.js:106:13)
19 silly fetchPackageMetaData     at ChildProcess.emit (events.js:191:7)
19 silly fetchPackageMetaData     at maybeClose (internal/child_process.js:920:16)
19 silly fetchPackageMetaData     at Process.ChildProcess._handle.onexit (internal/child_process.js:230:5)
19 silly fetchPackageMetaData  error for git+https://github.com/hackreactor/liberator.git { Error: Command failed: git clone --template=/root/.npm/_git-remotes/_templates --mirror https://github.com/hackreactor/liberator.git /root/.npm/_git-remotes/git-https-github-com-hackreactor-liberator-git-c1937392
19 silly fetchPackageMetaData Cloning into bare repository '/root/.npm/_git-remotes/git-https-github-com-hackreactor-liberator-git-c1937392'...
19 silly fetchPackageMetaData remote: Invalid username or password.
19 silly fetchPackageMetaData fatal: Authentication failed for 'https://github.com/hackreactor/liberator.git/'
19 silly fetchPackageMetaData
19 silly fetchPackageMetaData     at ChildProcess.exithandler (child_process.js:198:12)
19 silly fetchPackageMetaData     at emitTwo (events.js:106:13)
19 silly fetchPackageMetaData     at ChildProcess.emit (events.js:191:7)
19 silly fetchPackageMetaData     at maybeClose (internal/child_process.js:920:16)
19 silly fetchPackageMetaData     at Process.ChildProcess._handle.onexit (internal/child_process.js:230:5)
19 silly fetchPackageMetaData   killed: false,
19 silly fetchPackageMetaData   code: 128,
19 silly fetchPackageMetaData   signal: null,
19 silly fetchPackageMetaData   cmd: 'git clone --template=/root/.npm/_git-remotes/_templates --mirror https://github.com/hackreactor/liberator.git /root/.npm/_git-remotes/git-https-github-com-hackreactor-liberator-git-c1937392' }
20 silly rollbackFailedOptional Starting
21 silly rollbackFailedOptional Finishing
22 silly runTopLevelLifecycles Finishing
23 silly install printInstalled
24 verbose stack Error: Command failed: git clone --template=/root/.npm/_git-remotes/_templates --mirror https://github.com/hackreactor/liberator.git /root/.npm/_git-remotes/git-https-github-com-hackreactor-liberator-git-c1937392
24 verbose stack Cloning into bare repository '/root/.npm/_git-remotes/git-https-github-com-hackreactor-liberator-git-c1937392'...
24 verbose stack remote: Invalid username or password.
24 verbose stack fatal: Authentication failed for 'https://github.com/hackreactor/liberator.git/'
24 verbose stack
24 verbose stack     at ChildProcess.exithandler (child_process.js:198:12)
24 verbose stack     at emitTwo (events.js:106:13)
24 verbose stack     at ChildProcess.emit (events.js:191:7)
24 verbose stack     at maybeClose (internal/child_process.js:920:16)
24 verbose stack     at Process.ChildProcess._handle.onexit (internal/child_process.js:230:5)
25 verbose cwd /home/jbyrd/Documents/HR/liberator
26 error Linux 4.12.11-200.fc25.x86_64
27 error argv "/usr/bin/node" "/bin/npm" "install" "-g" "git+https://github.com/hackreactor/liberator.git"
28 error node v6.12.0
29 error npm  v3.10.10
30 error code 128
31 error Command failed: git clone --template=/root/.npm/_git-remotes/_templates --mirror https://github.com/hackreactor/liberator.git /root/.npm/_git-remotes/git-https-github-com-hackreactor-liberator-git-c1937392
31 error Cloning into bare repository '/root/.npm/_git-remotes/git-https-github-com-hackreactor-liberator-git-c1937392'...
31 error remote: Invalid username or password.
31 error fatal: Authentication failed for 'https://github.com/hackreactor/liberator.git/'
32 error If you need help, you may report this error at:
32 error     <https://github.com/npm/npm/issues>
33 verbose exit [ 1, true ]
